Apr 25 05:21:27 Installed: nano-2.3.1-10.el7.x86_64
Apr 25 05:22:13 Updated: libgcc-4.8.5-36.el7_6.1.x86_64
Apr 25 05:22:18 Updated: glibc-common-2.17-260.el7_6.4.x86_64
Apr 25 05:22:19 Updated: glibc-2.17-260.el7_6.4.x86_64
Apr 25 05:22:19 Updated: krb5-libs-1.15.1-37.el7_6.x86_64
Apr 25 05:22:20 Updated: 1:openssl-libs-1.0.2k-16.el7_6.1.x86_64
Apr 25 05:22:20 Installed: mpfr-3.1.1-4.el7.x86_64
Apr 25 05:22:20 Installed: libmpc-1.0.1-3.el7.x86_64
Apr 25 05:22:20 Installed: m4-1.4.16-10.el7.x86_64
Apr 25 05:22:20 Installed: zlib-devel-1.2.7-18.el7.x86_64
Apr 25 05:22:21 Installed: cpp-4.8.5-36.el7_6.1.x86_64
Apr 25 05:22:21 Installed: libkadm5-1.15.1-37.el7_6.x86_64
Apr 25 05:22:21 Updated: libgomp-4.8.5-36.el7_6.1.x86_64
Apr 25 05:22:21 Installed: libsepol-devel-2.5-10.el7.x86_64
Apr 25 05:22:22 Installed: kernel-headers-3.10.0-957.10.1.el7.x86_64
Apr 25 05:22:22 Installed: glibc-headers-2.17-260.el7_6.4.x86_64
Apr 25 05:22:22 Installed: glibc-devel-2.17-260.el7_6.4.x86_64
Apr 25 05:22:22 Installed: libverto-devel-0.2.5-4.el7.x86_64
Apr 25 05:22:22 Installed: pcre-devel-8.32-17.el7.x86_64
Apr 25 05:22:23 Installed: libselinux-devel-2.5-14.1.el7.x86_64
Apr 25 05:22:23 Installed: libcom_err-devel-1.42.9-13.el7.x86_64
Apr 25 05:22:23 Installed: keyutils-libs-devel-1.5.8-3.el7.x86_64
Apr 25 05:22:23 Installed: krb5-devel-1.15.1-37.el7_6.x86_64
Apr 25 05:22:24 Installed: 1:openssl-devel-1.0.2k-16.el7_6.1.x86_64
Apr 25 05:22:25 Installed: gcc-4.8.5-36.el7_6.1.x86_64
Apr 25 05:22:25 Installed: elfutils-libelf-devel-0.172-2.el7.x86_64
Apr 25 05:22:25 Installed: flex-2.5.37-6.el7.x86_64
Apr 25 05:22:26 Installed: bison-3.0.4-2.el7.x86_64
Apr 25 05:22:26 Updated: 1:openssl-1.0.2k-16.el7_6.1.x86_64
Apr 25 05:22:26 Installed: wget-1.14-18.el7.x86_64
Apr 25 05:22:26 Installed: bc-1.06.95-13.el7.x86_64
Apr 25 05:22:26 Installed: ncurses-devel-5.9-14.20130511.el7_4.x86_64
Apr 25 06:36:24 Installed: 1:perl-parent-0.225-244.el7.noarch
Apr 25 06:36:24 Installed: perl-HTTP-Tiny-0.033-3.el7.noarch
Apr 25 06:36:24 Installed: perl-podlators-2.5.1-3.el7.noarch
Apr 25 06:36:24 Installed: perl-Pod-Perldoc-3.20-4.el7.noarch
Apr 25 06:36:24 Installed: 1:perl-Pod-Escapes-1.04-294.el7_6.noarch
Apr 25 06:36:24 Installed: perl-Text-ParseWords-3.29-4.el7.noarch
Apr 25 06:36:24 Installed: perl-Encode-2.51-7.el7.x86_64
Apr 25 06:36:24 Installed: perl-Pod-Usage-1.63-3.el7.noarch
Apr 25 06:36:25 Installed: 4:perl-libs-5.16.3-294.el7_6.x86_64
Apr 25 06:36:25 Installed: 4:perl-macros-5.16.3-294.el7_6.x86_64
Apr 25 06:36:25 Installed: perl-Storable-2.45-3.el7.x86_64
Apr 25 06:36:25 Installed: perl-Exporter-5.68-3.el7.noarch
Apr 25 06:36:25 Installed: perl-constant-1.27-2.el7.noarch
Apr 25 06:36:25 Installed: perl-Time-Local-1.2300-2.el7.noarch
Apr 25 06:36:25 Installed: perl-Carp-1.26-244.el7.noarch
Apr 25 06:36:25 Installed: 4:perl-Time-HiRes-1.9725-3.el7.x86_64
Apr 25 06:36:25 Installed: perl-PathTools-3.40-5.el7.x86_64
Apr 25 06:36:25 Installed: perl-Scalar-List-Utils-1.27-248.el7.x86_64
Apr 25 06:36:25 Installed: perl-File-Temp-0.23.01-3.el7.noarch
Apr 25 06:36:25 Installed: perl-File-Path-2.09-2.el7.noarch
Apr 25 06:36:25 Installed: perl-threads-shared-1.43-6.el7.x86_64
Apr 25 06:36:25 Installed: perl-threads-1.87-4.el7.x86_64
Apr 25 06:36:25 Installed: perl-Filter-1.49-3.el7.x86_64
Apr 25 06:36:25 Installed: perl-Socket-2.010-4.el7.x86_64
Apr 25 06:36:25 Installed: 1:perl-Pod-Simple-3.28-4.el7.noarch
Apr 25 06:36:25 Installed: perl-Getopt-Long-2.40-3.el7.noarch
Apr 25 06:36:27 Installed: 4:perl-5.16.3-294.el7_6.x86_64
Apr 28 16:12:12 Installed: 1:perl-Error-0.17020-2.el7.noarch
Apr 28 16:12:12 Installed: rsync-3.1.2-4.el7.x86_64
Apr 28 16:12:12 Installed: perl-TermReadKey-2.30-20.el7.x86_64
Apr 28 16:12:14 Installed: git-1.8.3.1-20.el7.x86_64
Apr 28 16:12:14 Installed: perl-Git-1.8.3.1-20.el7.noarch
